<?xml version="1.0" encoding="UTF-8"?>
<!-- Generated by org.testng.reporters.JUnitReportReporter -->
<testsuite hostname="DESKTOP-H96QHDE" failures="0" tests="1" name="testscript.ManageCategoryTest" time="22.389" errors="0" timestamp="2025-06-30T10:00:16 IST" skipped="0">
  <testcase classname="testscript.ManageCategoryTest" name="verifyTheUserIsAbleToAddCategoryInformations" time="22.389"/>
</testsuite> <!-- testscript.ManageCategoryTest -->
