<?xml version="1.0" encoding="UTF-8"?>
<!-- Generated by org.testng.reporters.JUnitReportReporter -->
<testsuite hostname="DESKTOP-H96QHDE" failures="0" tests="6" name="testscript.LoginTest" time="28.335" errors="0" timestamp="2025-07-09T19:45:27 IST" skipped="0">
  <testcase classname="testscript.LoginTest" name="correctUsernameAndIncorrectPassword" time="9.506"/>
  <testcase classname="testscript.LoginTest" name="invalidUsernameAndCorrectPassword" time="3.719"/>
  <testcase classname="testscript.LoginTest" name="incorrectUsernameAndIncorrectPassword" time="3.803"/>
  <testcase classname="testscript.LoginTest" name="incorrectUsernameAndIncorrectPassword" time="3.596"/>
  <testcase classname="testscript.LoginTest" name="verifyTheUserIsAbleToLoginUsingValidCredential" time="4.267"/>
  <testcase classname="testscript.LoginTest" name="incorrectUsernameAndIncorrectPassword" time="3.444"/>
</testsuite> <!-- testscript.LoginTest -->
