<?xml version="1.0" encoding="UTF-8"?>
<!-- Generated by org.testng.reporters.JUnitReportReporter -->
<testsuite hostname="DESKTOP-H96QHDE" failures="0" tests="3" name="testscript.ManageCategoryTest" time="43.734" errors="0" timestamp="2025-06-26T18:46:49 IST" skipped="0">
  <testcase classname="testscript.ManageCategoryTest" name="browserInitialisation" time="22.580"/>
  <testcase classname="testscript.ManageCategoryTest" name="verifyTheUserIsAbleToAddCategoryInformations" time="15.806"/>
  <testcase classname="testscript.ManageCategoryTest" name="driverQuit" time="5.348"/>
</testsuite> <!-- testscript.ManageCategoryTest -->
