<?xml version="1.0" encoding="UTF-8"?>
<!-- Generated by org.testng.reporters.JUnitReportReporter -->
<testsuite hostname="DESKTOP-H96QHDE" failures="0" tests="2" name="testscript.AdminUsersTest" time="24.138" errors="0" timestamp="2025-06-30T10:00:16 IST" skipped="0">
  <testcase classname="testscript.AdminUsersTest" name="verifyAdminUserCreation" time="13.597"/>
  <testcase classname="testscript.AdminUsersTest" name="verifyAdminUserUpdate" time="10.541"/>
</testsuite> <!-- testscript.AdminUsersTest -->
