<?xml version="1.0" encoding="UTF-8"?>
<!-- Generated by org.testng.reporters.JUnitReportReporter -->
<testsuite hostname="DESKTOP-H96QHDE" failures="0" tests="1" name="testscript.ManageNewsTest" time="6.793" errors="0" timestamp="2025-06-26T20:07:41 IST" skipped="0">
  <testcase classname="testscript.ManageNewsTest" name="verifyTheUserIsAbleToEnterTheNews" time="6.793"/>
</testsuite> <!-- testscript.ManageNewsTest -->
