<?xml version="1.0" encoding="UTF-8"?>
<!-- Generated by org.testng.reporters.JUnitReportReporter -->
<testsuite hostname="DESKTOP-H96QHDE" failures="0" tests="1" name="testscript.ManageCategoryTest" time="8.590" errors="0" timestamp="2025-06-27T15:27:48 IST" skipped="0">
  <testcase classname="testscript.ManageCategoryTest" name="verifyTheUserIsAbleToAddCategoryInformations" time="8.590"/>
</testsuite> <!-- testscript.ManageCategoryTest -->
