<?xml version="1.0" encoding="UTF-8"?>
<!-- Generated by org.testng.reporters.JUnitReportReporter -->
<testsuite hostname="DESKTOP-H96QHDE" failures="0" tests="2" name="testscript.AdminUsersTest" time="20.924" errors="0" timestamp="2025-06-30T09:23:53 IST" skipped="0">
  <testcase classname="testscript.AdminUsersTest" name="verifyAdminUserUpdate" time="8.325"/>
  <testcase classname="testscript.AdminUsersTest" name="verifyAdminUserCreation" time="12.599"/>
</testsuite> <!-- testscript.AdminUsersTest -->
