<?xml version="1.0" encoding="UTF-8"?>
<!-- Generated by org.testng.reporters.JUnitReportReporter -->
<testsuite hostname="DESKTOP-H96QHDE" failures="0" tests="1" name="testscript.LogoutTest" time="6.777" errors="0" timestamp="2025-06-30T09:23:53 IST" skipped="0">
  <testcase classname="testscript.LogoutTest" name="isUserAbleToLogoutSuccessfully" time="6.777"/>
</testsuite> <!-- testscript.LogoutTest -->
