<?xml version="1.0" encoding="UTF-8"?>
<!-- Generated by org.testng.reporters.JUnitReportReporter -->
<testsuite hostname="DESKTOP-H96QHDE" failures="0" tests="1" name="testscript.ManageCategoryTest" time="11.358" errors="0" timestamp="2025-07-11T16:32:02 IST" skipped="0">
  <testcase classname="testscript.ManageCategoryTest" name="verifyTheUserIsAbleToAddCategoryInformations" time="11.358"/>
</testsuite> <!-- testscript.ManageCategoryTest -->
