<?xml version="1.0" encoding="UTF-8"?>
<!-- Generated by org.testng.reporters.JUnitReportReporter -->
<testsuite hostname="DESKTOP-H96QHDE" failures="0" tests="2" name="testscript.ManageContactTest" time="24.094" errors="0" timestamp="2025-06-30T10:00:16 IST" skipped="0">
  <testcase classname="testscript.ManageContactTest" name="verifyUserCanUpdateContactInformation" time="12.358"/>
  <testcase classname="testscript.ManageContactTest" name="verifyUserCanDisplayContactInformation" time="11.736"/>
</testsuite> <!-- testscript.ManageContactTest -->
