<?xml version="1.0" encoding="UTF-8"?>
<!-- Generated by org.testng.reporters.JUnitReportReporter -->
<testsuite hostname="DESKTOP-H96QHDE" failures="0" tests="4" name="testscript.LoginTest" time="48.372" errors="0" timestamp="2025-06-30T09:23:53 IST" skipped="0">
  <testcase classname="testscript.LoginTest" name="invalidUsernameAndCorrectPassword" time="11.350"/>
  <testcase classname="testscript.LoginTest" name="correctUsernameAndIncorrectPassword" time="23.459"/>
  <testcase classname="testscript.LoginTest" name="verifyTheUserIsAbleToLoginUsingValidCredential" time="7.259"/>
  <testcase classname="testscript.LoginTest" name="incorrectUsernameAndIncorrectPassword" time="6.304"/>
</testsuite> <!-- testscript.LoginTest -->
