<?xml version="1.0" encoding="UTF-8"?>
<!-- Generated by org.testng.reporters.JUnitReportReporter -->
<testsuite hostname="DESKTOP-H96QHDE" failures="0" tests="1" name="testscript.LogoutTest" time="7.054" errors="0" timestamp="2025-06-30T10:00:16 IST" skipped="0">
  <testcase classname="testscript.LogoutTest" name="isUserIsAbleToLogOut" time="7.054"/>
</testsuite> <!-- testscript.LogoutTest -->
