<?xml version="1.0" encoding="UTF-8"?>
<!-- Generated by org.testng.reporters.JUnitReportReporter -->
<testsuite hostname="DESKTOP-H96QHDE" failures="0" tests="2" name="testscript.ManageNewsTest" time="11.286" errors="0" timestamp="2025-06-27T06:22:45 IST" skipped="1">
  <testcase classname="testscript.ManageNewsTest" name="verifyTheUserIsAbleToEnterTheNews" time="5.897"/>
  <testcase classname="testscript.ManageNewsTest" name="verifyTheUserIsAbleToEnterTheNews" time="5.389">
    <skipped/>
  </testcase> <!-- verifyTheUserIsAbleToEnterTheNews -->
</testsuite> <!-- testscript.ManageNewsTest -->
