<?xml version="1.0" encoding="UTF-8"?>
<!-- Generated by org.testng.reporters.JUnitReportReporter -->
<testsuite hostname="DESKTOP-H96QHDE" failures="0" tests="1" name="testscript.HomePageTest" time="4.604" errors="0" timestamp="2025-07-09T19:45:27 IST" skipped="0">
  <testcase classname="testscript.HomePageTest" name="verifyUserIsAbleToLogout" time="4.604"/>
</testsuite> <!-- testscript.HomePageTest -->
