<?xml version="1.0" encoding="UTF-8"?>
<!-- Generated by org.testng.reporters.JUnitReportReporter -->
<testsuite hostname="DESKTOP-H96QHDE" failures="0" tests="3" name="testscript.ManageNewsTest" time="58.762" errors="0" timestamp="2025-06-30T10:00:16 IST" skipped="1">
  <testcase classname="testscript.ManageNewsTest" name="verifyTheUserIsAbleToUpdateTheNews" time="35.722">
    <skipped/>
  </testcase> <!-- verifyTheUserIsAbleToUpdateTheNews -->
  <testcase classname="testscript.ManageNewsTest" name="verifyTheUserIsAbleToEnterTheNews" time="10.008"/>
  <testcase classname="testscript.ManageNewsTest" name="verifyTheUserIsAbleToUpdateTheNews" time="13.032"/>
</testsuite> <!-- testscript.ManageNewsTest -->
