<?xml version="1.0" encoding="UTF-8"?>
<!-- Generated by org.testng.reporters.JUnitReportReporter -->
<testsuite hostname="DESKTOP-H96QHDE" failures="0" tests="2" name="testscript.AdminUsersTest" time="12.071" errors="0" timestamp="2025-07-09T19:45:27 IST" skipped="0">
  <testcase classname="testscript.AdminUsersTest" name="verifyAdminUserCreation" time="6.563"/>
  <testcase classname="testscript.AdminUsersTest" name="verifyAdminUserUpdate" time="5.508"/>
</testsuite> <!-- testscript.AdminUsersTest -->
