<?xml version="1.0" encoding="UTF-8"?>
<!-- Generated by org.testng.reporters.JUnitReportReporter -->
<testsuite hostname="DESKTOP-H96QHDE" failures="0" tests="2" name="testscript.ManageContactTest" time="11.486" errors="0" timestamp="2025-07-09T19:45:27 IST" skipped="0">
  <testcase classname="testscript.ManageContactTest" name="verifyUserCanUpdateContactInformation" time="5.706"/>
  <testcase classname="testscript.ManageContactTest" name="verifyUserCanDisplayContactInformation" time="5.780"/>
</testsuite> <!-- testscript.ManageContactTest -->
