<?xml version="1.0" encoding="UTF-8"?>
<!-- Generated by org.testng.reporters.JUnitReportReporter -->
<testsuite hostname="DESKTOP-H96QHDE" failures="0" tests="2" name="testscript.AdminUsersTest" time="25.054" errors="0" timestamp="2025-06-27T15:27:48 IST" skipped="0">
  <testcase classname="testscript.AdminUsersTest" name="verifyAdminUserUpdate" time="10.676"/>
  <testcase classname="testscript.AdminUsersTest" name="verifyAdminUserCreation" time="14.378"/>
</testsuite> <!-- testscript.AdminUsersTest -->
