<?xml version="1.0" encoding="UTF-8"?>
<!-- Generated by org.testng.reporters.JUnitReportReporter -->
<testsuite hostname="DESKTOP-H96QHDE" failures="0" tests="6" name="testscript.LoginTest" time="61.121" errors="0" timestamp="2025-07-02T21:13:31 IST" skipped="0">
  <testcase classname="testscript.LoginTest" name="incorrectUsernameAndIncorrectPassword" time="7.897"/>
  <testcase classname="testscript.LoginTest" name="incorrectUsernameAndIncorrectPassword" time="6.121"/>
  <testcase classname="testscript.LoginTest" name="invalidUsernameAndCorrectPassword" time="6.162"/>
  <testcase classname="testscript.LoginTest" name="incorrectUsernameAndIncorrectPassword" time="7.808"/>
  <testcase classname="testscript.LoginTest" name="correctUsernameAndIncorrectPassword" time="24.444"/>
  <testcase classname="testscript.LoginTest" name="verifyTheUserIsAbleToLoginUsingValidCredential" time="8.689"/>
</testsuite> <!-- testscript.LoginTest -->
