<?xml version="1.0" encoding="UTF-8"?>
<!-- Generated by org.testng.reporters.JUnitReportReporter -->
<testsuite hostname="DESKTOP-H96QHDE" failures="0" tests="1" name="testscript.ManageFooterTest" time="9.277" errors="0" timestamp="2025-06-27T06:29:56 IST" skipped="0">
  <testcase classname="testscript.ManageFooterTest" name="verifyTheUserIsAbleToUpdateManageFooterTextInformation" time="9.277"/>
</testsuite> <!-- testscript.ManageFooterTest -->
