<?xml version="1.0" encoding="UTF-8"?>
<!-- Generated by org.testng.reporters.JUnitReportReporter -->
<testsuite hostname="DESKTOP-H96QHDE" failures="0" tests="4" name="testscript.LoginTest" time="52.656" errors="0" timestamp="2025-06-30T10:00:16 IST" skipped="0">
  <testcase classname="testscript.LoginTest" name="correctUsernameAndIncorrectPassword" time="17.942"/>
  <testcase classname="testscript.LoginTest" name="incorrectUsernameAndIncorrectPassword" time="8.867"/>
  <testcase classname="testscript.LoginTest" name="invalidUsernameAndCorrectPassword" time="9.607"/>
  <testcase classname="testscript.LoginTest" name="verifyTheUserIsAbleToLoginUsingValidCredential" time="16.240"/>
</testsuite> <!-- testscript.LoginTest -->
