<?xml version="1.0" encoding="UTF-8"?>
<!-- Generated by org.testng.reporters.JUnitReportReporter -->
<testsuite hostname="DESKTOP-H96QHDE" failures="0" tests="2" name="testscript.ManageContactTest" time="18.791" errors="0" timestamp="2025-06-27T15:27:48 IST" skipped="0">
  <testcase classname="testscript.ManageContactTest" name="verifyUserCanUpdateContactInformation" time="9.587"/>
  <testcase classname="testscript.ManageContactTest" name="verifyUserCanDisplayContactInformation" time="9.204"/>
</testsuite> <!-- testscript.ManageContactTest -->
